<?xml version="1.0" encoding="UTF-8"?>
<testsuite name="com.auto.deploy.DeployApplicationTests" tests="1" skipped="0" failures="0" errors="0" timestamp="2023-01-08T07:09:42" hostname="MacBook-Pro.local" time="0.448">
  <properties/>
  <testcase name="contextLoads()" classname="com.auto.deploy.DeployApplicationTests" time="0.448"/>
  <system-out><![CDATA[16:09:38.967 [Test worker] DEBUG org.springframework.test.context.BootstrapUtils - Instantiating CacheAwareContextLoaderDelegate from class [org.springframework.test.context.cache.DefaultCacheAwareContextLoaderDelegate]
16:09:38.978 [Test worker] DEBUG org.springframework.test.context.BootstrapUtils - Instantiating BootstrapContext using constructor [public org.springframework.test.context.support.DefaultBootstrapContext(java.lang.Class,org.springframework.test.context.CacheAwareContextLoaderDelegate)]
16:09:39.030 [Test worker] DEBUG org.springframework.test.context.BootstrapUtils - Instantiating TestContextBootstrapper for test class [com.auto.deploy.DeployApplicationTests] from class [org.springframework.boot.test.context.SpringBootTestContextBootstrapper]
16:09:39.047 [Test worker] INFO org.springframework.boot.test.context.SpringBootTestContextBootstrapper - Neither @ContextConfiguration nor @ContextHierarchy found for test class [com.auto.deploy.DeployApplicationTests], using SpringBootContextLoader
16:09:39.051 [Test worker] DEBUG org.springframework.test.context.support.AbstractContextLoader - Did not detect default resource location for test class [com.auto.deploy.DeployApplicationTests]: class path resource [com/auto/deploy/DeployApplicationTests-context.xml] does not exist
16:09:39.051 [Test worker] DEBUG org.springframework.test.context.support.AbstractContextLoader - Did not detect default resource location for test class [com.auto.deploy.DeployApplicationTests]: class path resource [com/auto/deploy/DeployApplicationTestsContext.groovy] does not exist
16:09:39.051 [Test worker] INFO org.springframework.test.context.support.AbstractContextLoader - Could not detect default resource locations for test class [com.auto.deploy.DeployApplicationTests]: no resource found for suffixes {-context.xml, Context.groovy}.
16:09:39.051 [Test worker] INFO org.springframework.test.context.support.AnnotationConfigContextLoaderUtils - Could not detect default configuration classes for test class [com.auto.deploy.DeployApplicationTests]: DeployApplicationTests does not declare any static, non-private, non-final, nested classes annotated with @Configuration.
16:09:39.101 [Test worker] DEBUG org.springframework.test.context.support.ActiveProfilesUtils - Could not find an 'annotation declaring class' for annotation type [org.springframework.test.context.ActiveProfiles] and class [com.auto.deploy.DeployApplicationTests]
16:09:39.193 [Test worker] DEBUG org.springframework.context.annotation.ClassPathScanningCandidateComponentProvider - Identified candidate component class: file [/Users/ljh/Desktop/myprogram/CodeStates/자동화 배포/AutoDeployPractice/build/classes/java/main/com/auto/deploy/DeployApplication.class]
16:09:39.197 [Test worker] INFO org.springframework.boot.test.context.SpringBootTestContextBootstrapper - Found @SpringBootConfiguration com.auto.deploy.DeployApplication for test class com.auto.deploy.DeployApplicationTests
16:09:39.276 [Test worker] DEBUG org.springframework.boot.test.context.SpringBootTestContextBootstrapper - @TestExecutionListeners is not present for class [com.auto.deploy.DeployApplicationTests]: using defaults.
16:09:39.277 [Test worker] INFO org.springframework.boot.test.context.SpringBootTestContextBootstrapper - Loaded default TestExecutionListener class names from location [META-INF/spring.factories]: [org.springframework.boot.test.autoconfigure.restdocs.RestDocsTestExecutionListener, org.springframework.boot.test.autoconfigure.web.client.MockRestServiceServerResetTestExecutionListener, org.springframework.boot.test.autoconfigure.web.servlet.MockMvcPrintOnlyOnFailureTestExecutionListener, org.springframework.boot.test.autoconfigure.web.servlet.WebDriverTestExecutionListener, org.springframework.boot.test.autoconfigure.webservices.client.MockWebServiceServerTestExecutionListener, org.springframework.boot.test.mock.mockito.MockitoTestExecutionListener, org.springframework.boot.test.mock.mockito.ResetMocksTestExecutionListener, org.springframework.test.context.web.ServletTestExecutionListener, org.springframework.test.context.support.DirtiesContextBeforeModesTestExecutionListener, org.springframework.test.context.event.ApplicationEventsTestExecutionListener, org.springframework.test.context.support.DependencyInjectionTestExecutionListener, org.springframework.test.context.support.DirtiesContextTestExecutionListener, org.springframework.test.context.transaction.TransactionalTestExecutionListener, org.springframework.test.context.jdbc.SqlScriptsTestExecutionListener, org.springframework.test.context.event.EventPublishingTestExecutionListener]
16:09:39.285 [Test worker] DEBUG org.springframework.boot.test.context.SpringBootTestContextBootstrapper - Skipping candidate TestExecutionListener [org.springframework.test.context.transaction.TransactionalTestExecutionListener] due to a missing dependency. Specify custom listener classes or make the default listener classes and their required dependencies available. Offending class: [org/springframework/transaction/interceptor/TransactionAttributeSource]
16:09:39.286 [Test worker] DEBUG org.springframework.boot.test.context.SpringBootTestContextBootstrapper - Skipping candidate TestExecutionListener [org.springframework.test.context.jdbc.SqlScriptsTestExecutionListener] due to a missing dependency. Specify custom listener classes or make the default listener classes and their required dependencies available. Offending class: [org/springframework/transaction/interceptor/TransactionAttribute]
16:09:39.286 [Test worker] INFO org.springframework.boot.test.context.SpringBootTestContextBootstrapper - Using TestExecutionListeners: [org.springframework.test.context.web.ServletTestExecutionListener@1698ee84, org.springframework.test.context.support.DirtiesContextBeforeModesTestExecutionListener@10c626be, org.springframework.test.context.event.ApplicationEventsTestExecutionListener@2fc0cc3, org.springframework.boot.test.mock.mockito.MockitoTestExecutionListener@328cf0e1, org.springframework.boot.test.autoconfigure.SpringBootDependencyInjectionTestExecutionListener@63b1d4fa, org.springframework.test.context.support.DirtiesContextTestExecutionListener@42e3ede4, org.springframework.test.context.event.EventPublishingTestExecutionListener@201b6b6f, org.springframework.boot.test.autoconfigure.restdocs.RestDocsTestExecutionListener@75459c75, org.springframework.boot.test.autoconfigure.web.client.MockRestServiceServerResetTestExecutionListener@183e8023, org.springframework.boot.test.autoconfigure.web.servlet.MockMvcPrintOnlyOnFailureTestExecutionListener@45efc20d, org.springframework.boot.test.autoconfigure.web.servlet.WebDriverTestExecutionListener@3e5499cc, org.springframework.boot.test.autoconfigure.webservices.client.MockWebServiceServerTestExecutionListener@67ab1c47, org.springframework.boot.test.mock.mockito.ResetMocksTestExecutionListener@b78a709]
16:09:39.289 [Test worker] DEBUG org.springframework.test.context.support.AbstractDirtiesContextTestExecutionListener - Before test class: context [DefaultTestContext@45c8d09f testClass = DeployApplicationTests, testInstance = [null], testMethod = [null], testException = [null], mergedContextConfiguration = [WebMergedContextConfiguration@53812a9b testClass = DeployApplicationTests, locations = '{}', classes = '{class com.auto.deploy.DeployApplication}', contextInitializerClasses = '[]', activeProfiles = '{}', propertySourceLocations = '{}', propertySourceProperties = '{org.springframework.boot.test.context.SpringBootTestContextBootstrapper=true}', contextCustomizers = set[org.springframework.boot.test.autoconfigure.actuate.metrics.MetricsExportContextCustomizerFactory$DisableMetricExportContextCustomizer@20f5281c, org.springframework.boot.test.autoconfigure.properties.PropertyMappingContextCustomizer@0, org.springframework.boot.test.autoconfigure.web.servlet.WebDriverContextCustomizerFactory$Customizer@6c2ed0cd, org.springframework.boot.test.context.filter.ExcludeFilterContextCustomizer@4241e0f4, org.springframework.boot.test.json.DuplicateJsonObjectContextCustomizerFactory$DuplicateJsonObjectContextCustomizer@38604b81, org.springframework.boot.test.mock.mockito.MockitoContextCustomizer@0, org.springframework.boot.test.web.client.TestRestTemplateContextCustomizer@5ddcc487, org.springframework.boot.test.context.SpringBootTestArgs@1, org.springframework.boot.test.context.SpringBootTestWebEnvironment@587e5365], resourceBasePath = 'src/main/webapp', contextLoader = 'org.springframework.boot.test.context.SpringBootContextLoader', parent = [null]], attributes = map['org.springframework.test.context.web.ServletTestExecutionListener.activateListener' -> true]], class annotated with @DirtiesContext [false] with mode [null].

  .   ____          _            __ _ _
 /\\ / ___'_ __ _ _(_)_ __  __ _ \ \ \ \
( ( )\___ | '_ | '_| | '_ \/ _` | \ \ \ \
 \\/  ___)| |_)| | | | | || (_| |  ) ) ) )
  '  |____| .__|_| |_|_| |_\__, | / / / /
 =========|_|==============|___/=/_/_/_/
 :: Spring Boot ::                (v2.7.7)

2023-01-08 16:09:39.777  INFO 21855 --- [    Test worker] com.auto.deploy.DeployApplicationTests   : Starting DeployApplicationTests using Java 17.0.3.1 on MacBook-Pro.local with PID 21855 (started by ljh in /Users/ljh/Desktop/myprogram/CodeStates/자동화 배포/AutoDeployPractice)
2023-01-08 16:09:39.782  INFO 21855 --- [    Test worker] com.auto.deploy.DeployApplicationTests   : No active profile set, falling back to 1 default profile: "default"
2023-01-08 16:09:42.242  INFO 21855 --- [    Test worker] com.auto.deploy.DeployApplicationTests   : Started DeployApplicationTests in 2.895 seconds (JVM running for 4.352)
]]></system-out>
  <system-err><![CDATA[]]></system-err>
</testsuite>
